  Base.cpp
  CCABC.cpp
g:\ejor源代码c++\sourcecode\ccabc\ccabc\ccabc\ccabc.cpp(69): warning C4244: “初始化”: 从“__int64”转换到“int”，可能丢失数据
g:\ejor源代码c++\sourcecode\ccabc\ccabc\ccabc\ccabc.cpp(195): warning C4244: “初始化”: 从“__int64”转换到“int”，可能丢失数据
g:\ejor源代码c++\sourcecode\ccabc\ccabc\ccabc\ccabc.cpp(207): warning C4244: “初始化”: 从“__int64”转换到“int”，可能丢失数据
g:\ejor源代码c++\sourcecode\ccabc\ccabc\ccabc\ccabc.cpp(330): warning C4244: “初始化”: 从“__int64”转换到“int”，可能丢失数据
g:\ejor源代码c++\sourcecode\ccabc\ccabc\ccabc\ccabc.cpp(342): warning C4244: “=”: 从“__int64”转换到“int”，可能丢失数据
g:\ejor源代码c++\sourcecode\ccabc\ccabc\ccabc\ccabc.cpp(467): warning C4244: “参数”: 从“double”转换到“const _Ty”，可能丢失数据
          with
          [
              _Ty=int
          ]
  FlowshopgroupScheduling.cpp
  Heu.cpp
g:\ejor源代码c++\sourcecode\ccabc\ccabc\ccabc\heu.cpp(350): warning C4267: “初始化”: 从“size_t”转换到“int”，可能丢失数据
g:\ejor源代码c++\sourcecode\ccabc\ccabc\ccabc\heu.cpp(352): warning C4267: “初始化”: 从“size_t”转换到“int”，可能丢失数据
g:\ejor源代码c++\sourcecode\ccabc\ccabc\ccabc\heu.cpp(354): warning C4267: “初始化”: 从“size_t”转换到“int”，可能丢失数据
g:\ejor源代码c++\sourcecode\ccabc\ccabc\ccabc\heu.cpp(356): warning C4267: “初始化”: 从“size_t”转换到“int”，可能丢失数据
  NOperator.cpp
g:\ejor源代码c++\sourcecode\ccabc\ccabc\ccabc\noperator.cpp(82): warning C4267: “初始化”: 从“size_t”转换到“int”，可能丢失数据
g:\ejor源代码c++\sourcecode\ccabc\ccabc\ccabc\noperator.cpp(184): warning C4267: “初始化”: 从“size_t”转换到“int”，可能丢失数据
g:\ejor源代码c++\sourcecode\ccabc\ccabc\ccabc\noperator.cpp(194): warning C4267: “初始化”: 从“size_t”转换到“int”，可能丢失数据
g:\ejor源代码c++\sourcecode\ccabc\ccabc\ccabc\noperator.cpp(229): warning C4267: “初始化”: 从“size_t”转换到“int”，可能丢失数据
g:\ejor源代码c++\sourcecode\ccabc\ccabc\ccabc\noperator.cpp(546): warning C4244: “初始化”: 从“__int64”转换到“int”，可能丢失数据
g:\ejor源代码c++\sourcecode\ccabc\ccabc\ccabc\noperator.cpp(639): warning C4244: “初始化”: 从“__int64”转换到“int”，可能丢失数据
g:\ejor源代码c++\sourcecode\ccabc\ccabc\ccabc\noperator.cpp(680): warning C4244: “初始化”: 从“__int64”转换到“int”，可能丢失数据
g:\ejor源代码c++\sourcecode\ccabc\ccabc\ccabc\noperator.cpp(724): warning C4267: “-=”: 从“size_t”转换到“int”，可能丢失数据
g:\ejor源代码c++\sourcecode\ccabc\ccabc\ccabc\noperator.cpp(736): warning C4244: “=”: 从“__int64”转换到“int”，可能丢失数据
  Problem.cpp
  stdafx.cpp
  正在生成代码...
  CCABC.vcxproj -> G:\EJOR源代码C++\SourceCode\CCABC\CCABC\x64\Debug\CCABC.exe
