  Base.cpp
  FlowshopgroupScheduling.cpp
  Heu.cpp
g:\ejor源代码c++\sourcecode\ma\ig\ig\heu.cpp(148): warning C4267: “初始化”: 从“size_t”转换到“int”，可能丢失数据
g:\ejor源代码c++\sourcecode\ma\ig\ig\heu.cpp(190): warning C4267: “=”: 从“size_t”转换到“_Ty”，可能丢失数据
          with
          [
              _Ty=int
          ]
g:\ejor源代码c++\sourcecode\ma\ig\ig\heu.cpp(251): warning C4267: “初始化”: 从“size_t”转换到“int”，可能丢失数据
g:\ejor源代码c++\sourcecode\ma\ig\ig\heu.cpp(324): warning C4267: “初始化”: 从“size_t”转换到“int”，可能丢失数据
g:\ejor源代码c++\sourcecode\ma\ig\ig\heu.cpp(361): warning C4244: “初始化”: 从“__int64”转换到“int”，可能丢失数据
g:\ejor源代码c++\sourcecode\ma\ig\ig\heu.cpp(372): warning C4267: “初始化”: 从“size_t”转换到“int”，可能丢失数据
  IGPan.cpp
g:\ejor源代码c++\sourcecode\ma\ig\ig\igpan.cpp(43): warning C4267: “初始化”: 从“size_t”转换到“int”，可能丢失数据
g:\ejor源代码c++\sourcecode\ma\ig\ig\igpan.cpp(199): warning C4244: “参数”: 从“double”转换到“const _Ty”，可能丢失数据
          with
          [
              _Ty=int
          ]
  NOperator.cpp
g:\ejor源代码c++\sourcecode\ma\ig\ig\noperator.cpp(83): warning C4267: “初始化”: 从“size_t”转换到“int”，可能丢失数据
g:\ejor源代码c++\sourcecode\ma\ig\ig\noperator.cpp(171): warning C4267: “初始化”: 从“size_t”转换到“int”，可能丢失数据
g:\ejor源代码c++\sourcecode\ma\ig\ig\noperator.cpp(181): warning C4267: “初始化”: 从“size_t”转换到“int”，可能丢失数据
g:\ejor源代码c++\sourcecode\ma\ig\ig\noperator.cpp(397): warning C4244: “初始化”: 从“__int64”转换到“int”，可能丢失数据
g:\ejor源代码c++\sourcecode\ma\ig\ig\noperator.cpp(440): warning C4267: “初始化”: 从“size_t”转换到“int”，可能丢失数据
g:\ejor源代码c++\sourcecode\ma\ig\ig\noperator.cpp(444): warning C4267: “=”: 从“size_t”转换到“int”，可能丢失数据
g:\ejor源代码c++\sourcecode\ma\ig\ig\noperator.cpp(474): warning C4267: “初始化”: 从“size_t”转换到“int”，可能丢失数据
g:\ejor源代码c++\sourcecode\ma\ig\ig\noperator.cpp(510): warning C4267: “初始化”: 从“size_t”转换到“int”，可能丢失数据
g:\ejor源代码c++\sourcecode\ma\ig\ig\noperator.cpp(514): warning C4267: “=”: 从“size_t”转换到“int”，可能丢失数据
g:\ejor源代码c++\sourcecode\ma\ig\ig\noperator.cpp(539): warning C4267: “初始化”: 从“size_t”转换到“int”，可能丢失数据
g:\ejor源代码c++\sourcecode\ma\ig\ig\noperator.cpp(565): warning C4267: “初始化”: 从“size_t”转换到“int”，可能丢失数据
g:\ejor源代码c++\sourcecode\ma\ig\ig\noperator.cpp(612): warning C4244: “初始化”: 从“double”转换到“int”，可能丢失数据
g:\ejor源代码c++\sourcecode\ma\ig\ig\noperator.cpp(697): warning C4267: “初始化”: 从“size_t”转换到“int”，可能丢失数据
g:\ejor源代码c++\sourcecode\ma\ig\ig\noperator.cpp(719): warning C4244: “=”: 从“double”转换到“int”，可能丢失数据
  Problem.cpp
  正在生成代码
  1063 of 1066 functions (99.7%) were compiled, the rest were copied from previous compilation.
    1 functions were new in current compilation
    0 functions had inline decision re-evaluated but remain unchanged
  已完成代码的生成
  IG.vcxproj -> G:\EJOR源代码C++\SourceCode\MA\IG\x64\Release\IG.exe
